[PREINITIALIZATION][CLIENT][INFO] Current loaders after merging: [[preinit]]
[PREINITIALIZATION][CLIENT][INFO] Loading scripts for loader with names [preinit]
[PREINITIALIZATION][CLIENT][INFO] Ignoring script {[100:crafttweaker]: Ender IOverhaul\Compat\EnderIOTiC.zs} due to the following #modloaded preprocessor settings: [{enderiointegrationticlate}]
[PREINITIALIZATION][CLIENT][INFO] Ignoring script {[100:crafttweaker]: Ender IOverhaul\Compat\IndustrialForegoing.zs} due to the following #modloaded preprocessor settings: [{industrialforegoing}]
[PREINITIALIZATION][CLIENT][INFO] Ignoring script {[100:crafttweaker]: Ender IOverhaul\Compat\ThermalExpansion.zs} due to the following #modloaded preprocessor settings: [{thermalexpansion}]
[PREINITIALIZATION][CLIENT][INFO] Ignoring script {[100:crafttweaker]: Ender IOverhaul\Compat\ThermalFoundation.zs} due to the following #modloaded preprocessor settings: [{thermalfoundation}]
[PREINITIALIZATION][CLIENT][INFO] [preinit | SIDE_CLIENT]: Skipping file {[100:crafttweaker]: Ender IOverhaul\Compat\EnderIOTiC.zs} as we are currently loading with a different loader
[PREINITIALIZATION][CLIENT][INFO] [preinit | SIDE_CLIENT]: Skipping file {[100:crafttweaker]: Ender IOverhaul\Compat\IndustrialForegoing.zs} as we are currently loading with a different loader
[PREINITIALIZATION][CLIENT][INFO] [preinit | SIDE_CLIENT]: Skipping file {[100:crafttweaker]: Ender IOverhaul\Compat\ThermalExpansion.zs} as we are currently loading with a different loader
[PREINITIALIZATION][CLIENT][INFO] [preinit | SIDE_CLIENT]: Skipping file {[100:crafttweaker]: Ender IOverhaul\Compat\ThermalFoundation.zs} as we are currently loading with a different loader
[PREINITIALIZATION][CLIENT][INFO] [preinit | SIDE_CLIENT]: Skipping file {[100:crafttweaker]: Ender IOverhaul\Conduits.zs} as we are currently loading with a different loader
[PREINITIALIZATION][CLIENT][INFO] [preinit | SIDE_CLIENT]: Skipping file {[100:crafttweaker]: Ender IOverhaul\Devices.zs} as we are currently loading with a different loader
[PREINITIALIZATION][CLIENT][INFO] [preinit | SIDE_CLIENT]: Skipping file {[100:crafttweaker]: Ender IOverhaul\Equipment.zs} as we are currently loading with a different loader
[PREINITIALIZATION][CLIENT][INFO] [preinit | SIDE_CLIENT]: Skipping file {[100:crafttweaker]: Ender IOverhaul\LootTables.zs} as we are currently loading with a different loader
[PREINITIALIZATION][CLIENT][INFO] [preinit | SIDE_CLIENT]: Skipping file {[100:crafttweaker]: Ender IOverhaul\Machines.zs} as we are currently loading with a different loader
[PREINITIALIZATION][CLIENT][INFO] [preinit | SIDE_CLIENT]: Skipping file {[100:crafttweaker]: Ender IOverhaul\Misc.zs} as we are currently loading with a different loader
[PREINITIALIZATION][CLIENT][INFO] [preinit | SIDE_CLIENT]: Skipping file {[100:crafttweaker]: Ender IOverhaul\MiscMaterials.zs} as we are currently loading with a different loader
[PREINITIALIZATION][CLIENT][INFO] [preinit | SIDE_CLIENT]: Skipping file {[100:crafttweaker]: Ender IOverhaul\Power.zs} as we are currently loading with a different loader
[PREINITIALIZATION][CLIENT][INFO] [preinit | SIDE_CLIENT]: Skipping file {[0:crafttweaker]: Ender IOverhaul\Brewing.zs} as we are currently loading with a different loader
[PREINITIALIZATION][CLIENT][INFO] Completed script loading in: 2ms
[INITIALIZATION][CLIENT][INFO] CraftTweaker: Building registry
[INITIALIZATION][CLIENT][INFO] CraftTweaker: Successfully built item registry
[INITIALIZATION][CLIENT][INFO] Current loaders after merging: [[preinit], [recipeevent | crafttweaker]]
[INITIALIZATION][CLIENT][INFO] Loading scripts for loader with names [crafttweaker | recipeevent]
[INITIALIZATION][CLIENT][INFO] Ignoring script {[100:crafttweaker]: Ender IOverhaul\Compat\EnderIOTiC.zs} due to the following #modloaded preprocessor settings: [{enderiointegrationticlate}]
[INITIALIZATION][CLIENT][INFO] Ignoring script {[100:crafttweaker]: Ender IOverhaul\Compat\IndustrialForegoing.zs} due to the following #modloaded preprocessor settings: [{industrialforegoing}]
[INITIALIZATION][CLIENT][INFO] Ignoring script {[100:crafttweaker]: Ender IOverhaul\Compat\ThermalExpansion.zs} due to the following #modloaded preprocessor settings: [{thermalexpansion}]
[INITIALIZATION][CLIENT][INFO] Ignoring script {[100:crafttweaker]: Ender IOverhaul\Compat\ThermalFoundation.zs} due to the following #modloaded preprocessor settings: [{thermalfoundation}]
[INITIALIZATION][CLIENT][INFO] [crafttweaker | SIDE_CLIENT]: Loading Script: {[100:crafttweaker]: Ender IOverhaul\Compat\EnderIOTiC.zs}
[INITIALIZATION][CLIENT][INFO] [crafttweaker | SIDE_CLIENT]: Loading Script: {[100:crafttweaker]: Ender IOverhaul\Compat\IndustrialForegoing.zs}
[INITIALIZATION][CLIENT][INFO] [crafttweaker | SIDE_CLIENT]: Loading Script: {[100:crafttweaker]: Ender IOverhaul\Compat\ThermalExpansion.zs}
[INITIALIZATION][CLIENT][INFO] [crafttweaker | SIDE_CLIENT]: Loading Script: {[100:crafttweaker]: Ender IOverhaul\Compat\ThermalFoundation.zs}
[INITIALIZATION][CLIENT][INFO] [crafttweaker | SIDE_CLIENT]: Loading Script: {[100:crafttweaker]: Ender IOverhaul\Conduits.zs}
[INITIALIZATION][CLIENT][INFO] [crafttweaker | SIDE_CLIENT]: Loading Script: {[100:crafttweaker]: Ender IOverhaul\Devices.zs}
[INITIALIZATION][CLIENT][INFO] [crafttweaker | SIDE_CLIENT]: Loading Script: {[100:crafttweaker]: Ender IOverhaul\Equipment.zs}
[INITIALIZATION][CLIENT][INFO] Translating item.item_material.infinity_rod.name to Stellar Rod
[INITIALIZATION][CLIENT][INFO] Translating item.item_dark_steel_helmet.name to Dark Helmet
[INITIALIZATION][CLIENT][INFO] Translating item.item_dark_steel_chestplate.name to Dark Chestplate
[INITIALIZATION][CLIENT][INFO] Translating item.item_dark_steel_pickaxe.name to Dark Pickaxe
[INITIALIZATION][CLIENT][INFO] Translating item.item_dark_steel_sword.name to Dark Sword
[INITIALIZATION][CLIENT][INFO] Adding tooltip for <enderio:item_dark_steel_sword>: "The Ender"
[INITIALIZATION][CLIENT][INFO] Translating item.item_end_steel_helmet.name to Ender Helmet
[INITIALIZATION][CLIENT][INFO] Translating item.item_end_steel_chestplate.name to Ender Chestplate
[INITIALIZATION][CLIENT][INFO] Translating item.item_end_steel_pickaxe.name to Ender Pickaxe
[INITIALIZATION][CLIENT][INFO] Translating item.item_end_steel_sword.name to Ender Sword
[INITIALIZATION][CLIENT][INFO] Adding tooltip for <enderio:item_end_steel_sword>: "The Ender Mk2"
[INITIALIZATION][CLIENT][INFO] [crafttweaker | SIDE_CLIENT]: Loading Script: {[100:crafttweaker]: Ender IOverhaul\LootTables.zs}
[INITIALIZATION][CLIENT][INFO] Retrieved pool Ender IO from table enderio:chests/abandoned_mineshaft
[INITIALIZATION][CLIENT][INFO] Queueing entry enderio:item_dark_steel_sword:0 of pool Ender IO for removal
[INITIALIZATION][CLIENT][INFO] Queueing entry enderio:item_material:9 of pool Ender IO for removal
[INITIALIZATION][CLIENT][INFO] Queueing entry enderio:item_alloy_ingot:6 of pool Ender IO for removal
[INITIALIZATION][CLIENT][INFO] Queueing entry enderio:block_exit_rail:0 of pool Ender IO for removal
[INITIALIZATION][CLIENT][INFO] Queued item entry 'abandoned_mineshaft_electrical_steel' for addition to pool Ender IO of table enderio:chests/abandoned_mineshaft
[INITIALIZATION][CLIENT][INFO] Queued item entry 'abandoned_mineshaft_dark_steel' for addition to pool Ender IO of table enderio:chests/abandoned_mineshaft
[INITIALIZATION][CLIENT][INFO] Queued item entry 'abandoned_mineshaft_exit_rail' for addition to pool Ender IO of table enderio:chests/abandoned_mineshaft
[INITIALIZATION][CLIENT][INFO] Retrieved pool Ender IO from table enderio:chests/desert_pyramid
[INITIALIZATION][CLIENT][INFO] Queueing entry enderio:item_dark_steel_sword:0 of pool Ender IO for removal
[INITIALIZATION][CLIENT][INFO] Queueing entry enderio:item_material:13 of pool Ender IO for removal
[INITIALIZATION][CLIENT][INFO] Queueing entry enderio:item_travel_staff:0 of pool Ender IO for removal
[INITIALIZATION][CLIENT][INFO] Queued item entry 'desert_pyramid_electrical_steel' for addition to pool Ender IO of table enderio:chests/desert_pyramid
[INITIALIZATION][CLIENT][INFO] Queued item entry 'desert_pyramid_dark_steel' for addition to pool Ender IO of table enderio:chests/desert_pyramid
[INITIALIZATION][CLIENT][INFO] Retrieved pool Ender IO from table enderio:chests/end_city_treasure
[INITIALIZATION][CLIENT][INFO] Queueing entry ShulkerSoulVial of pool Ender IO for removal
[INITIALIZATION][CLIENT][INFO] Queueing entry enderio:item_soul_vial:0 of pool Ender IO for removal
[INITIALIZATION][CLIENT][INFO] Queueing entry enderio:item_dark_steel_bow:0 of pool Ender IO for removal
[INITIALIZATION][CLIENT][INFO] Queueing entry dsu of pool Ender IO for removal
[INITIALIZATION][CLIENT][INFO] Queueing entry enderio:item_material:12 of pool Ender IO for removal
[INITIALIZATION][CLIENT][INFO] Queueing entry enderio:item_material:13 of pool Ender IO for removal
[INITIALIZATION][CLIENT][INFO] Queued item entry 'end_city_treasure_end_steel' for addition to pool Ender IO of table enderio:chests/end_city_treasure
[INITIALIZATION][CLIENT][INFO] Queued item entry 'end_city_treasure_melodic_alloy' for addition to pool Ender IO of table enderio:chests/end_city_treasure
[INITIALIZATION][CLIENT][INFO] Queued item entry 'end_city_treasure_dark_gear_0' for addition to pool Ender IO of table enderio:chests/end_city_treasure
[INITIALIZATION][CLIENT][INFO] Queued item entry 'end_city_treasure_dark_gear_1' for addition to pool Ender IO of table enderio:chests/end_city_treasure
[INITIALIZATION][CLIENT][INFO] Queued item entry 'end_city_treasure_dark_gear_2' for addition to pool Ender IO of table enderio:chests/end_city_treasure
[INITIALIZATION][CLIENT][INFO] Queued item entry 'end_city_treasure_dark_gear_3' for addition to pool Ender IO of table enderio:chests/end_city_treasure
[INITIALIZATION][CLIENT][INFO] Queued item entry 'end_city_treasure_dark_gear_4' for addition to pool Ender IO of table enderio:chests/end_city_treasure
[INITIALIZATION][CLIENT][INFO] Queued item entry 'end_city_treasure_dark_gear_5' for addition to pool Ender IO of table enderio:chests/end_city_treasure
[INITIALIZATION][CLIENT][INFO] Queued item entry 'end_city_treasure_dark_gear_6' for addition to pool Ender IO of table enderio:chests/end_city_treasure
[INITIALIZATION][CLIENT][INFO] Queued item entry 'end_city_treasure_dark_gear_7' for addition to pool Ender IO of table enderio:chests/end_city_treasure
[INITIALIZATION][CLIENT][INFO] Retrieved pool Ender IO from table enderio:chests/igloo_chest
[INITIALIZATION][CLIENT][INFO] Queueing entry dsu of pool Ender IO for removal
[INITIALIZATION][CLIENT][INFO] Queueing entry PolarBearSoulVial of pool Ender IO for removal
[INITIALIZATION][CLIENT][INFO] Queued item entry 'igloo_chest_electrical_steel' for addition to pool Ender IO of table enderio:chests/igloo_chest
[INITIALIZATION][CLIENT][INFO] Queued item entry 'igloo_chest_dark_steel' for addition to pool Ender IO of table enderio:chests/igloo_chest
[INITIALIZATION][CLIENT][INFO] Retrieved pool Ender IO from table enderio:chests/jungle_temple
[INITIALIZATION][CLIENT][INFO] Queueing entry enderio:item_dark_steel_sword:0 of pool Ender IO for removal
[INITIALIZATION][CLIENT][INFO] Queueing entry enderio:item_travel_staff:0 of pool Ender IO for removal
[INITIALIZATION][CLIENT][INFO] Queued item entry 'jungle_temple_electrical_steel' for addition to pool Ender IO of table enderio:chests/jungle_temple
[INITIALIZATION][CLIENT][INFO] Queued item entry 'jungle_temple_dark_steel' for addition to pool Ender IO of table enderio:chests/jungle_temple
[INITIALIZATION][CLIENT][INFO] Retrieved pool Ender IO from table enderio:chests/nether_bridge
[INITIALIZATION][CLIENT][INFO] Queueing entry enderio:item_dark_steel_boots:0 of pool Ender IO for removal
[INITIALIZATION][CLIENT][INFO] Queueing entry enderio:item_material:11 of pool Ender IO for removal
[INITIALIZATION][CLIENT][INFO] Queued item entry 'nether_bridge_soularium' for addition to pool Ender IO of table enderio:chests/nether_bridge
[INITIALIZATION][CLIENT][INFO] Queued item entry 'nether_bridge_energetic_alloy' for addition to pool Ender IO of table enderio:chests/nether_bridge
[INITIALIZATION][CLIENT][INFO] Retrieved pool Ender IO from table enderio:chests/simple_dungeon
[INITIALIZATION][CLIENT][INFO] Queueing entry enderio:item_conduit_probe:0 of pool Ender IO for removal
[INITIALIZATION][CLIENT][INFO] Queueing entry enderio:item_dark_steel_sword:0 of pool Ender IO for removal
[INITIALIZATION][CLIENT][INFO] Queueing entry enderio:item_dark_steel_boots:0 of pool Ender IO for removal
[INITIALIZATION][CLIENT][INFO] Queueing entry enderio:item_material:9 of pool Ender IO for removal
[INITIALIZATION][CLIENT][INFO] Queued item entry 'simple_dungeon_electrical_steel' for addition to pool Ender IO of table enderio:chests/simple_dungeon
[INITIALIZATION][CLIENT][INFO] Retrieved pool Ender IO from table enderio:chests/village_blacksmith
[INITIALIZATION][CLIENT][INFO] Queueing entry enderio:item_alloy_ingot:3 of pool Ender IO for removal
[INITIALIZATION][CLIENT][INFO] Queueing entry enderio:item_alloy_ingot:5 of pool Ender IO for removal
[INITIALIZATION][CLIENT][INFO] Queueing entry enderio:item_alloy_ingot:2 of pool Ender IO for removal
[INITIALIZATION][CLIENT][INFO] Queueing entry enderio:item_material:9 of pool Ender IO for removal
[INITIALIZATION][CLIENT][INFO] Queueing entry enderio:item_material:10 of pool Ender IO for removal
[INITIALIZATION][CLIENT][INFO] Queueing entry enderio:item_material:11 of pool Ender IO for removal
[INITIALIZATION][CLIENT][INFO] Queueing entry enderio:item_material:12 of pool Ender IO for removal
[INITIALIZATION][CLIENT][INFO] Queueing entry enderio:item_material:13 of pool Ender IO for removal
[INITIALIZATION][CLIENT][INFO] Queueing entry enderio:item_dark_steel_sword:0 of pool Ender IO for removal
[INITIALIZATION][CLIENT][INFO] Queueing entry enderio:item_dark_steel_boots:0 of pool Ender IO for removal
[INITIALIZATION][CLIENT][INFO] Queueing entry dsu of pool Ender IO for removal
[INITIALIZATION][CLIENT][INFO] Queueing entry enderio:item_alloy_ingot:0 of pool Ender IO for removal
[INITIALIZATION][CLIENT][INFO] Queueing entry enderio:item_alloy_ingot:6 of pool Ender IO for removal
[INITIALIZATION][CLIENT][INFO] Queued item entry 'village_blacksmith_dark_steel_sword' for addition to pool Ender IO of table enderio:chests/village_blacksmith
[INITIALIZATION][CLIENT][INFO] Queued item entry 'village_blacksmith_electrical_steel' for addition to pool Ender IO of table enderio:chests/village_blacksmith
[INITIALIZATION][CLIENT][INFO] Queued item entry 'village_blacksmith_dark_steel' for addition to pool Ender IO of table enderio:chests/village_blacksmith
[INITIALIZATION][CLIENT][INFO] Retrieved pool Ender IO from table enderio:chests/woodland_mansion
[INITIALIZATION][CLIENT][INFO] Queueing entry enderio:item_dark_steel_bow:0 of pool Ender IO for removal
[INITIALIZATION][CLIENT][INFO] Queueing entry enderio:item_dark_steel_axe:0 of pool Ender IO for removal
[INITIALIZATION][CLIENT][INFO] Queueing entry enderio:item_material:10 of pool Ender IO for removal
[INITIALIZATION][CLIENT][INFO] Queued item entry 'woodland_mansion_energetic_alloy' for addition to pool Ender IO of table enderio:chests/woodland_mansion
[INITIALIZATION][CLIENT][INFO] Queued item entry 'woodland_mansion_vibrant_alloy' for addition to pool Ender IO of table enderio:chests/woodland_mansion
[INITIALIZATION][CLIENT][INFO] [crafttweaker | SIDE_CLIENT]: Loading Script: {[100:crafttweaker]: Ender IOverhaul\Machines.zs}
[INITIALIZATION][CLIENT][INFO] Adding Sponge to ore dictionary entry sponge
[INITIALIZATION][CLIENT][INFO] Adding Industrial Insulation to ore dictionary entry sponge
[INITIALIZATION][CLIENT][INFO] Translating tile.block_tele_pad.name to Telepad
[INITIALIZATION][CLIENT][INFO] [crafttweaker | SIDE_CLIENT]: Loading Script: {[100:crafttweaker]: Ender IOverhaul\Misc.zs}
[INITIALIZATION][CLIENT][INFO] [crafttweaker | SIDE_CLIENT]: Loading Script: {[100:crafttweaker]: Ender IOverhaul\MiscMaterials.zs}
[INITIALIZATION][CLIENT][INFO] Removing Organic Green Dye from ore dictionary entry dyeGreen
[INITIALIZATION][CLIENT][INFO] Removing Organic Brown Dye from ore dictionary entry dyeBrown
[INITIALIZATION][CLIENT][INFO] Removing Organic Black Dye from ore dictionary entry dyeBlack
[INITIALIZATION][CLIENT][INFO] [crafttweaker | SIDE_CLIENT]: Loading Script: {[100:crafttweaker]: Ender IOverhaul\Power.zs}
[INITIALIZATION][CLIENT][INFO] Translating tile.block_cap_bank.activated.name to Double-Layer Capacitor Bank
[INITIALIZATION][CLIENT][INFO] Translating tile.block_cap_bank.vibrant.name to Octadic Capacitor Bank
[INITIALIZATION][CLIENT][INFO] Translating item.item_inventory_charger.name to Double-Layer Inventory Charger
[INITIALIZATION][CLIENT][INFO] Translating item.item_inventory_charger_vibrant.name to Octadic Inventory Charger
[INITIALIZATION][CLIENT][INFO] Translating tile.block_solar_panel.name to Photovoltaic Generator
[INITIALIZATION][CLIENT][INFO] Translating tile.block_solar_panel.advanced.name to Advanced Photovoltaic Generator
[INITIALIZATION][CLIENT][INFO] Translating tile.block_solar_panel.vibrant.name to Enhanced Photovoltaic Generator
[INITIALIZATION][CLIENT][INFO] Translating tile.block_lava_generator.name to Lava Heat Generator
[INITIALIZATION][CLIENT][INFO] Translating item.item_material.plate_photovoltaic.name to Photovoltaic Cell
[INITIALIZATION][CLIENT][INFO] [crafttweaker | SIDE_CLIENT]: Loading Script: {[0:crafttweaker]: Ender IOverhaul\Brewing.zs}
[INITIALIZATION][CLIENT][INFO] Adding brewing recipe for <minecraft:potion>.withTag({Potion: "enderio:withering"}), Registry size now: 1
[INITIALIZATION][CLIENT][INFO] Adding brewing recipe for <minecraft:potion>.withTag({Potion: "enderio:long_withering"}), Registry size now: 2
[INITIALIZATION][CLIENT][INFO] Adding brewing recipe for <minecraft:potion>.withTag({Potion: "enderio:long_withering"}), Registry size now: 3
[INITIALIZATION][CLIENT][INFO] Adding brewing recipe for <minecraft:splash_potion>.withTag({Potion: "enderio:withering"}), Registry size now: 4
[INITIALIZATION][CLIENT][INFO] Adding brewing recipe for <minecraft:splash_potion>.withTag({Potion: "enderio:withering"}), Registry size now: 5
[INITIALIZATION][CLIENT][INFO] Adding brewing recipe for <minecraft:splash_potion>.withTag({Potion: "enderio:long_withering"}), Registry size now: 6
[INITIALIZATION][CLIENT][INFO] Adding brewing recipe for <minecraft:splash_potion>.withTag({Potion: "enderio:long_withering"}), Registry size now: 7
[INITIALIZATION][CLIENT][INFO] Adding brewing recipe for <minecraft:splash_potion>.withTag({Potion: "enderio:long_withering"}), Registry size now: 8
[INITIALIZATION][CLIENT][INFO] Adding brewing recipe for <minecraft:lingering_potion>.withTag({Potion: "enderio:withering"}), Registry size now: 9
[INITIALIZATION][CLIENT][INFO] Adding brewing recipe for <minecraft:lingering_potion>.withTag({Potion: "enderio:withering"}), Registry size now: 10
[INITIALIZATION][CLIENT][INFO] Adding brewing recipe for <minecraft:lingering_potion>.withTag({Potion: "enderio:long_withering"}), Registry size now: 11
[INITIALIZATION][CLIENT][INFO] Adding brewing recipe for <minecraft:lingering_potion>.withTag({Potion: "enderio:long_withering"}), Registry size now: 12
[INITIALIZATION][CLIENT][INFO] Adding brewing recipe for <minecraft:lingering_potion>.withTag({Potion: "enderio:long_withering"}), Registry size now: 13
[INITIALIZATION][CLIENT][INFO] Completed script loading in: 411ms
[INITIALIZATION][CLIENT][INFO] Translating item.item_material.infinity_rod.name to Stellar Rod
[INITIALIZATION][CLIENT][INFO] Translating item.item_dark_steel_helmet.name to Dark Helmet
[INITIALIZATION][CLIENT][INFO] Translating item.item_dark_steel_chestplate.name to Dark Chestplate
[INITIALIZATION][CLIENT][INFO] Translating item.item_dark_steel_pickaxe.name to Dark Pickaxe
[INITIALIZATION][CLIENT][INFO] Translating item.item_dark_steel_sword.name to Dark Sword
[INITIALIZATION][CLIENT][INFO] Translating item.item_end_steel_helmet.name to Ender Helmet
[INITIALIZATION][CLIENT][INFO] Translating item.item_end_steel_chestplate.name to Ender Chestplate
[INITIALIZATION][CLIENT][INFO] Translating item.item_end_steel_pickaxe.name to Ender Pickaxe
[INITIALIZATION][CLIENT][INFO] Translating item.item_end_steel_sword.name to Ender Sword
[INITIALIZATION][CLIENT][INFO] Translating tile.block_tele_pad.name to Telepad
[INITIALIZATION][CLIENT][INFO] Translating tile.block_cap_bank.activated.name to Double-Layer Capacitor Bank
[INITIALIZATION][CLIENT][INFO] Translating tile.block_cap_bank.vibrant.name to Octadic Capacitor Bank
[INITIALIZATION][CLIENT][INFO] Translating item.item_inventory_charger.name to Double-Layer Inventory Charger
[INITIALIZATION][CLIENT][INFO] Translating item.item_inventory_charger_vibrant.name to Octadic Inventory Charger
[INITIALIZATION][CLIENT][INFO] Translating tile.block_solar_panel.name to Photovoltaic Generator
[INITIALIZATION][CLIENT][INFO] Translating tile.block_solar_panel.advanced.name to Advanced Photovoltaic Generator
[INITIALIZATION][CLIENT][INFO] Translating tile.block_solar_panel.vibrant.name to Enhanced Photovoltaic Generator
[INITIALIZATION][CLIENT][INFO] Translating tile.block_lava_generator.name to Lava Heat Generator
[INITIALIZATION][CLIENT][INFO] Translating item.item_material.plate_photovoltaic.name to Photovoltaic Cell
[POSTINITIALIZATION][CLIENT][INFO] Removing recipes for various outputs
[POSTINITIALIZATION][CLIENT][INFO] Removing recipe with name "enderio:filter_basic"
[POSTINITIALIZATION][CLIENT][INFO] Removing recipe with name "enderio:light_basic"
[POSTINITIALIZATION][CLIENT][INFO] Removing recipe with name "enderio:light_electric"
[POSTINITIALIZATION][CLIENT][INFO] Removing recipe with name "enderio:light_wireless_upgrade"
[POSTINITIALIZATION][CLIENT][INFO] Removing recipe with name "enderio:light_wireless_upgrade_inverted"
[POSTINITIALIZATION][CLIENT][INFO] Removing recipe with name "enderio:tweak_wood_hopper"
[POSTINITIALIZATION][CLIENT][INFO] Removing recipe with name "enderio:tweak_stick_from_wood"
[POSTINITIALIZATION][CLIENT][INFO] Removing recipe with name "enderio:tweak_chest_from_wood"
[POSTINITIALIZATION][CLIENT][INFO] Removing all occurences of ingredient: <enderio:item_alloy_ingot:3> and replacing them with <ore:dustRedstone>
[POSTINITIALIZATION][CLIENT][INFO] Adding shaped recipe for Item Conduit with name enderioverhaul_item_conduit
[POSTINITIALIZATION][CLIENT][INFO] Adding shaped recipe for Basic Item Filter with name enderioverhaul_basic_item_filter
[POSTINITIALIZATION][CLIENT][INFO] Adding shaped recipe for Fluid Conduit with name enderioverhaul_fluid_conduit
[POSTINITIALIZATION][CLIENT][INFO] Adding shaped recipe for Pressurized Fluid Conduit with name enderioverhaul_pressurized_fluid_conduit
[POSTINITIALIZATION][CLIENT][INFO] Adding shaped recipe for Ender Fluid Conduit with name enderioverhaul_ender_fluid_conduit
[POSTINITIALIZATION][CLIENT][INFO] Adding shaped recipe for Energy Conduit with name enderioverhaul_energy_conduit
[POSTINITIALIZATION][CLIENT][INFO] Adding shaped recipe for Enhanced Energy Conduit with name enderioverhaul_enhanced_energy_conduit
[POSTINITIALIZATION][CLIENT][INFO] Adding shaped recipe for Ender Energy Conduit with name enderioverhaul_ender_energy_conduit
[POSTINITIALIZATION][CLIENT][INFO] Adding shaped recipe for Stellar Energy Conduit with name enderioverhaul_stellar_energy_conduit
[POSTINITIALIZATION][CLIENT][INFO] Adding shaped recipe for Redstone Conduit with name enderioverhaul_redstone_conduit
[POSTINITIALIZATION][CLIENT][INFO] Adding shaped recipe for Enchanter with name enderioverhaul_enchanter
[POSTINITIALIZATION][CLIENT][INFO] Adding shaped recipe for Vacuum Chest with name enderioverhaul_vacuum_chest
[POSTINITIALIZATION][CLIENT][INFO] Adding shaped recipe for XP Vacuum with name enderioverhaul_xp_vacuum
[POSTINITIALIZATION][CLIENT][INFO] Adding shaped recipe for Travel Anchor with name enderioverhaul_travel_anchor
[POSTINITIALIZATION][CLIENT][INFO] Adding shaped recipe for Block Detector with name enderioverhaul_block_detector
[POSTINITIALIZATION][CLIENT][INFO] Adding shaped recipe for Block Detector (Silent) with name enderioverhaul_block_detector_silent
[POSTINITIALIZATION][CLIENT][INFO] Adding shaped recipe for Light with name enderioverhaul_light
[POSTINITIALIZATION][CLIENT][INFO] Adding shaped recipe for Electric Light with name enderioverhaul_electric_light
[POSTINITIALIZATION][CLIENT][INFO] Adding shapeless recipe for Wireless Light with name enderioverhaul_wireless_light
[POSTINITIALIZATION][CLIENT][INFO] Adding shapeless recipe for Wireless Light (Inverted) with name enderioverhaul_wireless_light_inverted
[POSTINITIALIZATION][CLIENT][INFO] Adding shaped recipe for Stellar Rod with name enderioverhaul_stellar_rod
[POSTINITIALIZATION][CLIENT][INFO] Adding shaped recipe for Electromagnet with name enderioverhaul_electromagnet
[POSTINITIALIZATION][CLIENT][INFO] Adding shaped recipe for Dark Helmet with name enderioverhaul_dark_helmet
[POSTINITIALIZATION][CLIENT][INFO] Adding shaped recipe for Dark Chestplate with name enderioverhaul_dark_chestplate
[POSTINITIALIZATION][CLIENT][INFO] Adding shaped recipe for Dark Leggings with name enderioverhaul_dark_leggings
[POSTINITIALIZATION][CLIENT][INFO] Adding shaped recipe for Dark Boots with name enderioverhaul_dark_boots
[POSTINITIALIZATION][CLIENT][INFO] Adding shaped recipe for Dark Shield with name enderioverhaul_dark_shield
[POSTINITIALIZATION][CLIENT][INFO] Adding shaped recipe for Dark Sword with name enderioverhaul_dark_sword
[POSTINITIALIZATION][CLIENT][INFO] Adding shaped recipe for Dark Pickaxe with name enderioverhaul_dark_pickaxe
[POSTINITIALIZATION][CLIENT][INFO] Adding shaped recipe for Dark Axe with name enderioverhaul_dark_axe
[POSTINITIALIZATION][CLIENT][INFO] Adding shaped recipe for Dark Shears with name enderioverhaul_dark_shears
[POSTINITIALIZATION][CLIENT][INFO] Adding shaped recipe for Dark Crook with name enderioverhaul_dark_crook
[POSTINITIALIZATION][CLIENT][INFO] Adding shaped recipe for Dark Backhoe with name enderioverhaul_dark_backhoe
[POSTINITIALIZATION][CLIENT][INFO] Adding shaped recipe for Ender Helmet with name enderioverhaul_ender_helmet
[POSTINITIALIZATION][CLIENT][INFO] Adding shaped recipe for Ender Chestplate with name enderioverhaul_ender_chestplate
[POSTINITIALIZATION][CLIENT][INFO] Adding shaped recipe for Ender Leggings with name enderioverhaul_ender_leggings
[POSTINITIALIZATION][CLIENT][INFO] Adding shaped recipe for Ender Boots with name enderioverhaul_ender_boots
[POSTINITIALIZATION][CLIENT][INFO] Adding shaped recipe for Ender Shield with name enderioverhaul_ender_shield
[POSTINITIALIZATION][CLIENT][INFO] Adding shaped recipe for Ender Sword with name enderioverhaul_ender_sword
[POSTINITIALIZATION][CLIENT][INFO] Adding shaped recipe for Ender Pickaxe with name enderioverhaul_ender_pickaxe
[POSTINITIALIZATION][CLIENT][INFO] Adding shaped recipe for Ender Axe with name enderioverhaul_ender_axe
[POSTINITIALIZATION][CLIENT][INFO] Adding shaped recipe for Ender Bow with name enderioverhaul_ender_bow
[POSTINITIALIZATION][CLIENT][INFO] Adding shapeless recipe for Dark Steel Upgrade "Simple Solar" with name enderioverhaul_dark_steel_upgrade_simple_solar
[POSTINITIALIZATION][CLIENT][INFO] Adding shapeless recipe for Dark Steel Upgrade "Empowered" with name enderioverhaul_dark_steel_upgrade_empowered_1
[POSTINITIALIZATION][CLIENT][INFO] Adding shapeless recipe for Dark Steel Upgrade "Empowered II" with name enderioverhaul_dark_steel_upgrade_empowered_2
[POSTINITIALIZATION][CLIENT][INFO] Adding shapeless recipe for Dark Steel Upgrade "Empowered III" with name enderioverhaul_dark_steel_upgrade_empowered_3
[POSTINITIALIZATION][CLIENT][INFO] Adding shapeless recipe for Dark Steel Upgrade "Empowered V" with name enderioverhaul_dark_steel_upgrade_empowered_5
[POSTINITIALIZATION][CLIENT][INFO] Adding shaped recipe for Basic Capacitor with name enderioverhaul_basic_capacitor
[POSTINITIALIZATION][CLIENT][INFO] Adding shaped recipe for Double-Layer Capacitor with name enderioverhaul_double_layer_capacitor
[POSTINITIALIZATION][CLIENT][INFO] Adding shaped recipe for Double-Layer Capacitor with name enderioverhaul_double_layer_capacitor_upgrade
[POSTINITIALIZATION][CLIENT][INFO] Adding shaped recipe for Octadic Capacitor with name enderioverhaul_octadic_capacitor
[POSTINITIALIZATION][CLIENT][INFO] Adding shaped recipe for Octadic Capacitor with name enderioverhaul_octadic_capacitor_upgrade
[POSTINITIALIZATION][CLIENT][INFO] Adding shapeless recipe for Industrial Dye Blend with name enderioverhaul_industrial_dye_blend_egg
[POSTINITIALIZATION][CLIENT][INFO] Adding shapeless recipe for Industrial Dye Blend with name enderioverhaul_industrial_dye_blend_slime
[POSTINITIALIZATION][CLIENT][INFO] Adding shaped recipe for Industrial Machine Chassis with name enderioverhaul_industrial_machine_chassis
[POSTINITIALIZATION][CLIENT][INFO] Adding shaped recipe for Alloy Smelter with name enderioverhaul_alloy_smelter
[POSTINITIALIZATION][CLIENT][INFO] Adding shaped recipe for SAG Mill with name enderioverhaul_sag_mill
[POSTINITIALIZATION][CLIENT][INFO] Adding shaped recipe for The Vat with name enderioverhaul_vat
[POSTINITIALIZATION][CLIENT][INFO] Adding shaped recipe for Painting Machine with name enderioverhaul_painting_machine
[POSTINITIALIZATION][CLIENT][INFO] Adding shaped recipe for Wired Charger with name enderioverhaul_wired_charger
[POSTINITIALIZATION][CLIENT][INFO] Adding shaped recipe for The Niard with name enderioverhaul_niard
[POSTINITIALIZATION][CLIENT][INFO] Adding shaped recipe for Impulse Hopper with name enderioverhaul_impulse_hopper
[POSTINITIALIZATION][CLIENT][INFO] Adding shaped recipe for Crafter with name enderioverhaul_crafter
[POSTINITIALIZATION][CLIENT][INFO] Adding shapeless recipe for Soul Attuned Dye Blend with name enderioverhaul_soul_attuned_dye_blend_magma_cream
[POSTINITIALIZATION][CLIENT][INFO] Adding shaped recipe for Soulless Machine Chassis with name enderioverhaul_soulless_machine_chassis
[POSTINITIALIZATION][CLIENT][INFO] Adding shaped recipe for Soul Binder with name enderioverhaul_soul_binder
[POSTINITIALIZATION][CLIENT][INFO] Adding shaped recipe for Slice'N'Splice with name enderioverhaul_slice_n_splice
[POSTINITIALIZATION][CLIENT][INFO] Adding shaped recipe for Powered Spawner with name enderioverhaul_powered_spawner
[POSTINITIALIZATION][CLIENT][INFO] Adding shaped recipe for Farming Station with name enderioverhaul_farming_station
[POSTINITIALIZATION][CLIENT][INFO] Adding shaped recipe for Killer Joe with name enderioverhaul_killer_joe
[POSTINITIALIZATION][CLIENT][INFO] Adding shaped recipe for Attractor Obelisk with name enderioverhaul_attractor_obelisk
[POSTINITIALIZATION][CLIENT][INFO] Adding shaped recipe for Aversion Obelisk with name enderioverhaul_aversion_obelisk
[POSTINITIALIZATION][CLIENT][INFO] Adding shaped recipe for Inhibitor Obelisk with name enderioverhaul_inhibitor_obelisk
[POSTINITIALIZATION][CLIENT][INFO] Adding shaped recipe for Relocator Obelisk with name enderioverhaul_relocator_obelisk
[POSTINITIALIZATION][CLIENT][INFO] Adding shaped recipe for Weather Obelisk with name enderioverhaul_weather_obelisk
[POSTINITIALIZATION][CLIENT][INFO] Adding shaped recipe for Experience Rod with name enderioverhaul_experience_rod
[POSTINITIALIZATION][CLIENT][INFO] Adding shaped recipe for Experience Obelisk with name enderioverhaul_experience_obelisk
[POSTINITIALIZATION][CLIENT][INFO] Adding shapeless recipe for Enhanced Dye Blend with name enderioverhaul_enhanced_dye_blend_eye_of_ender
[POSTINITIALIZATION][CLIENT][INFO] Adding shaped recipe for Enhanced Machine Chassis with name enderioverhaul_enhanced_machine_chassis
[POSTINITIALIZATION][CLIENT][INFO] Adding shaped recipe for Enhanced Alloy Smelter with name enderioverhaul_enhanced_alloy_smelter
[POSTINITIALIZATION][CLIENT][INFO] Adding shaped recipe for Enhanced Alloy Smelter with name enderioverhaul_enhanced_alloy_smelter_upgrade
[POSTINITIALIZATION][CLIENT][INFO] Adding shaped recipe for Enhanced SAG Mill with name enderioverhaul_enhanced_sag_mill
[POSTINITIALIZATION][CLIENT][INFO] Adding shaped recipe for Enhanced SAG Mill with name enderioverhaul_enhanced_sag_mill_upgrade
[POSTINITIALIZATION][CLIENT][INFO] Adding shaped recipe for The Enhanced Vat with name enderioverhaul_enhanced_vat
[POSTINITIALIZATION][CLIENT][INFO] Adding shaped recipe for The Enhanced Vat with name enderioverhaul_enhanced_vat_upgrade
[POSTINITIALIZATION][CLIENT][INFO] Adding shaped recipe for Enhanced Wired Charger with name enderioverhaul_enhanced_wired_charger
[POSTINITIALIZATION][CLIENT][INFO] Adding shaped recipe for Enhanced Wired Charger with name enderioverhaul_enhanced_wired_charger_upgrade
[POSTINITIALIZATION][CLIENT][INFO] Adding shaped recipe for Wireless Charging Antenna with name enderioverhaul_wireless_charging_antenna
[POSTINITIALIZATION][CLIENT][INFO] Adding shaped recipe for Enhanced Wireless Charging Antenna with name enderioverhaul_enhanced_wireless_charging_antenna
[POSTINITIALIZATION][CLIENT][INFO] Adding shaped recipe for Enhanced Wireless Charging Antenna with name enderioverhaul_enhanced_wireless_charging_antenna_upgrade
[POSTINITIALIZATION][CLIENT][INFO] Adding shaped recipe for Wireless Charging Antenna Extension with name enderioverhaul_wireless_charging_antenna_extension
[POSTINITIALIZATION][CLIENT][INFO] Adding shapeless recipe for Wireless Charger with name enderioverhaul_wireless_charger
[POSTINITIALIZATION][CLIENT][INFO] Adding shaped recipe for Dimensional Transceiver with name enderioverhaul_dimensional_transciever
[POSTINITIALIZATION][CLIENT][INFO] Adding shaped recipe for Telepad with name enderioverhaul_telepad
[POSTINITIALIZATION][CLIENT][INFO] Adding shaped recipe for Dialing Device with name enderioverhaul
[POSTINITIALIZATION][CLIENT][INFO] Adding shaped recipe for Dark Steel Ladder with name enderioverhaul_dark_steel_ladder
[POSTINITIALIZATION][CLIENT][INFO] Adding shaped recipe for Dark Steel Trapdoor with name enderioverhaul_dark_steel_trapdoor
[POSTINITIALIZATION][CLIENT][INFO] Adding shaped recipe for Machine Parts with name enderioverhaul_machine_parts
[POSTINITIALIZATION][CLIENT][INFO] Adding shaped recipe for Pulsating Crystal with name enderioverhaul_pulsating_crystal
[POSTINITIALIZATION][CLIENT][INFO] Adding shaped recipe for Power Buffer with name enderioverhaul_power_buffer
[POSTINITIALIZATION][CLIENT][INFO] Adding shaped recipe for Basic Capacitor Bank with name enderioverhaul_basic_capacitor_bank
[POSTINITIALIZATION][CLIENT][INFO] Adding shaped recipe for Double-Layer Capacitor Bank with name enderioverhaul_double_layer_capacitor_bank
[POSTINITIALIZATION][CLIENT][INFO] Adding shaped recipe for Double-Layer Capacitor Bank with name enderioverhaul_double_layer_capacitor_bank_upgrade
[POSTINITIALIZATION][CLIENT][INFO] Adding shaped recipe for Octadic Capacitor Bank with name enderioverhaul_octadic_capacitor_bank
[POSTINITIALIZATION][CLIENT][INFO] Adding shaped recipe for Octadic Capacitor Bank with name enderioverhaul_octadic_capacitor_bank_upgrade
[POSTINITIALIZATION][CLIENT][INFO] Adding shaped recipe for Basic Inventory Charger with name enderioverhaul_basic_inventory_charger
[POSTINITIALIZATION][CLIENT][INFO] Adding shaped recipe for Double-Layer Inventory Charger with name enderioverhaul_double_layer_inventory_charger
[POSTINITIALIZATION][CLIENT][INFO] Adding shaped recipe for Double-Layer Inventory Charger with name enderioverhaul_double_layer_inventory_charger_upgrade
[POSTINITIALIZATION][CLIENT][INFO] Adding shaped recipe for Octadic Inventory Charger with name enderioverhaul_octadic_inventory_charger
[POSTINITIALIZATION][CLIENT][INFO] Adding shaped recipe for Octadic Inventory Charger with name enderioverhaul_octadic_inventory_charger_upgrade
[POSTINITIALIZATION][CLIENT][INFO] Adding shaped recipe for Photovoltaic Cell with name enderioverhaul_photovoltaic_cell
[POSTINITIALIZATION][CLIENT][INFO] Adding shaped recipe for Photovoltaic Generator with name enderioverhaul_photovoltaic_generator
[POSTINITIALIZATION][CLIENT][INFO] Adding shaped recipe for Advanced Photovoltaic Generator with name enderioverhaul_advanced_photovoltaic_generator
[POSTINITIALIZATION][CLIENT][INFO] Adding shaped recipe for Advanced Photovoltaic Generator with name enderioverhaul_advanced_photovoltaic_generator_upgrade
[POSTINITIALIZATION][CLIENT][INFO] Adding shaped recipe for Enhanced Photovoltaic Generator with name enderioverhaul_enhanced_photovoltaic_generator
[POSTINITIALIZATION][CLIENT][INFO] Adding shaped recipe for Enhanced Photovoltaic Generator with name enderioverhaul_enhanced_photovoltaic_generator_upgrade
[POSTINITIALIZATION][CLIENT][INFO] Adding shaped recipe for Stirling Generator with name enderioverhaul_stirling_generator
[POSTINITIALIZATION][CLIENT][INFO] Adding shaped recipe for Combustion Generator with name enderioverhaul_combustion_generator
[POSTINITIALIZATION][CLIENT][INFO] Adding shaped recipe for Enhanced Combustion Generator with name enderioverhaul_enhanced_combustion_generator
[POSTINITIALIZATION][CLIENT][INFO] Adding shaped recipe for Enhanced Combustion Generator with name enderioverhaul_enhanced_combustion_generator_upgrade
[POSTINITIALIZATION][CLIENT][INFO] Adding shaped recipe for Zombie Generator with name enderioverhaul_zombie_generator
[POSTINITIALIZATION][CLIENT][INFO] Adding shaped recipe for Frank'n'Zombie Generator with name enderioverhaul_frank_n_zombie_generator
[POSTINITIALIZATION][CLIENT][INFO] Adding shaped recipe for Frank'n'Zombie Generator with name enderioverhaul_frank_n_zombie_generator_upgrade
[POSTINITIALIZATION][CLIENT][INFO] Adding shaped recipe for Ender Generator with name enderioverhaul_ender_generator
[POSTINITIALIZATION][CLIENT][INFO] Adding shaped recipe for Lava Heat Generator with name enderioverhaul_lava_heat_generator
[POSTINITIALIZATION][CLIENT][INFO] Adding shaped recipe for Redstone Filter Base with name enderio-filter_redstone_base-modified
[POSTINITIALIZATION][CLIENT][INFO] Adding shaped recipe for Redstone NOT Filter with name enderio-filter_redstone_n_o_t-modified
[POSTINITIALIZATION][CLIENT][INFO] Adding shaped recipe for Redstone OR Filter with name enderio-filter_redstone_o_r-modified
[POSTINITIALIZATION][CLIENT][INFO] Adding shaped recipe for Redstone XOR Filter with name enderio-filter_redstone_x_o_r-modified
[POSTINITIALIZATION][CLIENT][INFO] Adding shaped recipe for Redstone Toggle Latch Filter with name enderio-filter_redstone_toggle_latch-modified
[POSTINITIALIZATION][CLIENT][INFO] Adding shaped recipe for Redstone Sensor Filter with name enderio-filter_redstone_scanner-modified
[POSTINITIALIZATION][CLIENT][INFO] Adding shaped recipe for Redstone Timer Filter with name enderio-filter_redstone_timer-modified
[POSTINITIALIZATION][CLIENT][INFO] Adding shaped recipe for Redstone Counting Filter with name enderio-filter_redstone_counting-modified
[AVAILABLE][CLIENT][INFO] Fixed the RecipeBook
[AVAILABLE][CLIENT][INFO] Hiding item in JEI: <enderio:item_material:64>
[AVAILABLE][CLIENT][INFO] Hiding item in JEI: <enderio:item_endergy_conduit>
[AVAILABLE][CLIENT][INFO] Hiding item in JEI: <enderio:item_endergy_conduit:1>
[AVAILABLE][CLIENT][INFO] Hiding item in JEI: <enderio:item_endergy_conduit:2>
[AVAILABLE][CLIENT][INFO] Hiding item in JEI: <enderio:item_endergy_conduit:3>
[AVAILABLE][CLIENT][INFO] Hiding item in JEI: <enderio:item_endergy_conduit:4>
[AVAILABLE][CLIENT][INFO] Hiding item in JEI: <enderio:item_endergy_conduit:5>
[AVAILABLE][CLIENT][INFO] Hiding item in JEI: <enderio:item_endergy_conduit:6>
[AVAILABLE][CLIENT][INFO] Hiding item in JEI: <enderio:item_endergy_conduit:7>
[AVAILABLE][CLIENT][INFO] Hiding item in JEI: <enderio:item_endergy_conduit:8>
[AVAILABLE][CLIENT][INFO] Hiding item in JEI: <enderio:item_endergy_conduit:9>
[AVAILABLE][CLIENT][INFO] Hiding item in JEI: <enderio:item_endergy_conduit:10>
[AVAILABLE][CLIENT][INFO] Hiding item in JEI: <enderio:item_inventory_charger_simple>
[AVAILABLE][CLIENT][INFO] Hiding item in JEI: <enderio:item_stellar_alloy_sword>
[AVAILABLE][CLIENT][INFO] Hiding item in JEI: <enderio:item_stellar_alloy_pickaxe>
[AVAILABLE][CLIENT][INFO] Hiding item in JEI: <enderio:item_stellar_alloy_axe>
[AVAILABLE][CLIENT][INFO] Hiding item in JEI: <enderio:item_stellar_alloy_helmet>
[AVAILABLE][CLIENT][INFO] Hiding item in JEI: <enderio:item_stellar_alloy_chestplate>
[AVAILABLE][CLIENT][INFO] Hiding item in JEI: <enderio:item_stellar_alloy_leggings>
[AVAILABLE][CLIENT][INFO] Hiding item in JEI: <enderio:item_stellar_alloy_boots>
[AVAILABLE][CLIENT][INFO] Hiding item in JEI: <enderio:item_capacitor_grainy>
[AVAILABLE][CLIENT][INFO] Hiding item in JEI: <enderio:item_capacitor_crystalline>
[AVAILABLE][CLIENT][INFO] Hiding item in JEI: <enderio:item_capacitor_melodic>
[AVAILABLE][CLIENT][INFO] Hiding item in JEI: <enderio:item_capacitor_stellar>
[AVAILABLE][CLIENT][INFO] Hiding item in JEI: <enderio:item_capacitor_silver>
[AVAILABLE][CLIENT][INFO] Hiding item in JEI: <enderio:item_capacitor_energetic_silver>
[AVAILABLE][CLIENT][INFO] Hiding item in JEI: <enderio:item_capacitor_vivid>
[AVAILABLE][CLIENT][INFO] Hiding item in JEI: <enderio:item_material>
[AVAILABLE][CLIENT][INFO] Hiding item in JEI: <enderio:block_decoration3:1>
[AVAILABLE][CLIENT][INFO] Hiding item in JEI: <enderio:block_decoration3:2>
[AVAILABLE][CLIENT][INFO] Hiding item in JEI: <enderio:block_decoration3:4>
[AVAILABLE][CLIENT][INFO] Hiding item in JEI: <enderio:block_simple_furnace>
[AVAILABLE][CLIENT][INFO] Hiding item in JEI: <enderio:block_simple_alloy_smelter>
[AVAILABLE][CLIENT][INFO] Hiding item in JEI: <enderio:block_simple_stirling_generator>
[AVAILABLE][CLIENT][INFO] Hiding item in JEI: <enderio:block_simple_sag_mill>
[AVAILABLE][CLIENT][INFO] Hiding item in JEI: <enderio:block_simple_wired_charger>
[AVAILABLE][CLIENT][INFO] Hiding item in JEI: <enderio:block_simple_crafter>
[AVAILABLE][CLIENT][INFO] Hiding item in JEI: <enderio:block_solar_panel>
[AVAILABLE][CLIENT][INFO] Hiding item in JEI: <enderio:item_material:48>
[AVAILABLE][CLIENT][INFO] Hiding item in JEI: <enderio:item_material:49>
[AVAILABLE][CLIENT][INFO] Hiding item in JEI: <enderio:item_material:50>
[AVAILABLE][CLIENT][INFO] Hiding item in JEI: <enderio:item_material:66>
[AVAILABLE][CLIENT][INFO] Hiding item in JEI: <enderio:item_material:35>
[AVAILABLE][CLIENT][INFO] Hiding item in JEI: <enderio:item_material:75>
[AVAILABLE][CLIENT][INFO] Hiding item in JEI: <enderio:item_material:46>
[AVAILABLE][CLIENT][INFO] Hiding item in JEI: <enderio:item_material:47>
[AVAILABLE][CLIENT][INFO] Hiding item in JEI: <enderio:item_material:68>
[AVAILABLE][CLIENT][INFO] Hiding item in JEI: <enderio:item_material:69>
[AVAILABLE][CLIENT][INFO] Hiding item in JEI: <enderio:item_material:72>
[AVAILABLE][CLIENT][INFO] Hiding item in JEI: <enderio:item_material:76>
[AVAILABLE][CLIENT][INFO] Hiding item in JEI: <enderio:item_material:77>
[AVAILABLE][CLIENT][INFO] Hiding item in JEI: <enderio:block_dark_paper_anvil:*>
[AVAILABLE][CLIENT][INFO] Hiding item in JEI: <enderio:item_material:17>
[AVAILABLE][CLIENT][INFO] Hiding item in JEI: <enderio:item_material:40>
[AVAILABLE][CLIENT][INFO] Hiding item in JEI: <enderio:block_enderman_skull:2>
[AVAILABLE][CLIENT][INFO] Hiding item in JEI: <enderio:item_material:65>
[AVAILABLE][CLIENT][INFO] Hiding item in JEI: <enderio:item_alloy_ingot:3>
[AVAILABLE][CLIENT][INFO] Hiding item in JEI: <enderio:block_alloy:3>
[AVAILABLE][CLIENT][INFO] Hiding item in JEI: <enderio:item_alloy_nugget:3>
[AVAILABLE][CLIENT][INFO] Hiding item in JEI: <enderio:item_alloy_ball:3>
[AVAILABLE][CLIENT][INFO] Hiding item in JEI: <enderio:item_alloy_ingot:4>
[AVAILABLE][CLIENT][INFO] Hiding item in JEI: <enderio:block_alloy:4>
[AVAILABLE][CLIENT][INFO] Hiding item in JEI: <enderio:item_alloy_nugget:4>
[AVAILABLE][CLIENT][INFO] Hiding item in JEI: <enderio:item_alloy_ball:4>
[AVAILABLE][CLIENT][INFO] Hiding item in JEI: <enderio:item_alloy_ingot:5>
[AVAILABLE][CLIENT][INFO] Hiding item in JEI: <enderio:block_alloy:5>
[AVAILABLE][CLIENT][INFO] Hiding item in JEI: <enderio:item_alloy_nugget:5>
[AVAILABLE][CLIENT][INFO] Hiding item in JEI: <enderio:item_alloy_ball:5>
[AVAILABLE][CLIENT][INFO] Hiding item in JEI: <enderio:item_alloy_ingot:9>
[AVAILABLE][CLIENT][INFO] Hiding item in JEI: <enderio:block_alloy:9>
[AVAILABLE][CLIENT][INFO] Hiding item in JEI: <enderio:item_alloy_nugget:9>
[AVAILABLE][CLIENT][INFO] Hiding item in JEI: <enderio:item_alloy_ball:9>
[AVAILABLE][CLIENT][INFO] Hiding item in JEI: <enderio:item_alloy_endergy_ingot>
[AVAILABLE][CLIENT][INFO] Hiding item in JEI: <enderio:block_alloy_endergy>
[AVAILABLE][CLIENT][INFO] Hiding item in JEI: <enderio:item_alloy_endergy_nugget>
[AVAILABLE][CLIENT][INFO] Hiding item in JEI: <enderio:item_alloy_endergy_ball>
[AVAILABLE][CLIENT][INFO] Hiding item in JEI: <enderio:item_alloy_endergy_ingot:1>
[AVAILABLE][CLIENT][INFO] Hiding item in JEI: <enderio:block_alloy_endergy:1>
[AVAILABLE][CLIENT][INFO] Hiding item in JEI: <enderio:item_alloy_endergy_nugget:1>
[AVAILABLE][CLIENT][INFO] Hiding item in JEI: <enderio:item_alloy_endergy_ball:1>
[AVAILABLE][CLIENT][INFO] Hiding item in JEI: <enderio:item_alloy_endergy_ingot:4>
[AVAILABLE][CLIENT][INFO] Hiding item in JEI: <enderio:block_alloy_endergy:4>
[AVAILABLE][CLIENT][INFO] Hiding item in JEI: <enderio:item_alloy_endergy_nugget:4>
[AVAILABLE][CLIENT][INFO] Hiding item in JEI: <enderio:item_alloy_endergy_ball:4>
[AVAILABLE][CLIENT][INFO] Hiding item in JEI: <enderio:item_alloy_endergy_ingot:5>
[AVAILABLE][CLIENT][INFO] Hiding item in JEI: <enderio:block_alloy_endergy:5>
[AVAILABLE][CLIENT][INFO] Hiding item in JEI: <enderio:item_alloy_endergy_nugget:5>
[AVAILABLE][CLIENT][INFO] Hiding item in JEI: <enderio:item_alloy_endergy_ball:5>
[AVAILABLE][CLIENT][INFO] Hiding item in JEI: <enderio:item_alloy_endergy_ingot:6>
[AVAILABLE][CLIENT][INFO] Hiding item in JEI: <enderio:block_alloy_endergy:6>
[AVAILABLE][CLIENT][INFO] Hiding item in JEI: <enderio:item_alloy_endergy_nugget:6>
[AVAILABLE][CLIENT][INFO] Hiding item in JEI: <enderio:item_alloy_endergy_ball:6>
[AVAILABLE][CLIENT][INFO] Hiding item in JEI: <enderio:item_material:38>
